<?xml version="1.0" encoding="UTF-8"?>
<!-- Generated by org.testng.reporters.JUnitReportReporter -->
<testsuite hostname="MXLRCWKS00019" failures="0" tests="1" name="Test.Login" time="82.721" errors="0" timestamp="2021-04-20T18:46:54 CDT" skipped="0">
  <testcase classname="Test.Login" name="MLogin" time="82.721"/>
  <system-out/>
</testsuite> <!-- Test.Login -->
